<?xml version="1.0" encoding="UTF-8"?>
<testsuite name="br.com.elotech.desafio.service.CEPServiceTest" tests="1" skipped="0" failures="0" errors="0" timestamp="2024-01-24T16:17:49" hostname="DESKTOP-Q3AKEKB" time="1.068">
  <properties/>
  <testcase name="testGetEnderecoByCEP()" classname="br.com.elotech.desafio.service.CEPServiceTest" time="1.068"/>
  <system-out><![CDATA[]]></system-out>
  <system-err><![CDATA[]]></system-err>
</testsuite>
