<?xml version="1.0" encoding="UTF-8"?>
<testsuite name="br.com.elotech.desafio.service.PessoaServiceTest" tests="8" skipped="0" failures="0" errors="0" timestamp="2024-01-24T16:17:55" hostname="DESKTOP-Q3AKEKB" time="0.425">
  <properties/>
  <testcase name="testGetQuantidadePessoas()" classname="br.com.elotech.desafio.service.PessoaServiceTest" time="0.314"/>
  <testcase name="testUpdatePessoa()" classname="br.com.elotech.desafio.service.PessoaServiceTest" time="0.009"/>
  <testcase name="testFindById()" classname="br.com.elotech.desafio.service.PessoaServiceTest" time="0.005"/>
  <testcase name="testDeletePessoa()" classname="br.com.elotech.desafio.service.PessoaServiceTest" time="0.01"/>
  <testcase name="testSavePessoa()" classname="br.com.elotech.desafio.service.PessoaServiceTest" time="0.039"/>
  <testcase name="testFindByNomeAndCpf()" classname="br.com.elotech.desafio.service.PessoaServiceTest" time="0.015"/>
  <testcase name="testRemoverEndereco()" classname="br.com.elotech.desafio.service.PessoaServiceTest" time="0.01"/>
  <testcase name="testAdicionarEndereco()" classname="br.com.elotech.desafio.service.PessoaServiceTest" time="0.008"/>
  <system-out><![CDATA[]]></system-out>
  <system-err><![CDATA[]]></system-err>
</testsuite>
