<?xml version="1.0" encoding="UTF-8"?>
<testsuite name="br.com.elotech.desafio.MainTest" tests="1" skipped="0" failures="0" errors="0" timestamp="2024-01-24T16:17:43" hostname="DESKTOP-Q3AKEKB" time="4.587">
  <properties/>
  <testcase name="main()" classname="br.com.elotech.desafio.MainTest" time="4.587"/>
  <system-out><![CDATA[]]></system-out>
  <system-err><![CDATA[]]></system-err>
</testsuite>
