<?xml version="1.0" encoding="UTF-8"?>
<testsuite name="br.com.elotech.desafio.entity.PessoaTest" tests="1" skipped="0" failures="0" errors="0" timestamp="2024-01-24T12:51:06" hostname="DESKTOP-Q3AKEKB" time="0.004">
  <properties/>
  <testcase name="testPessoa()" classname="br.com.elotech.desafio.entity.PessoaTest" time="0.004"/>
  <system-out><![CDATA[]]></system-out>
  <system-err><![CDATA[]]></system-err>
</testsuite>
