<?xml version="1.0" encoding="UTF-8"?>
<testsuite name="br.com.elotech.desafio.controller.EnderecoControllerTest" tests="1" skipped="0" failures="0" errors="0" timestamp="2024-01-24T15:54:23" hostname="DESKTOP-Q3AKEKB" time="2.943">
  <properties/>
  <testcase name="testGetEnderecoByCEP()" classname="br.com.elotech.desafio.controller.EnderecoControllerTest" time="2.943"/>
  <system-out><![CDATA[]]></system-out>
  <system-err><![CDATA[]]></system-err>
</testsuite>
