<?xml version="1.0" encoding="UTF-8"?>
<testsuite name="br.com.elotech.desafio.controller.EnderecoControllerTest" tests="7" skipped="0" failures="0" errors="0" timestamp="2024-01-24T16:17:49" hostname="DESKTOP-Q3AKEKB" time="0.636">
  <properties/>
  <testcase name="testFindByPessoa()" classname="br.com.elotech.desafio.controller.EnderecoControllerTest" time="0.532"/>
  <testcase name="testSaveEndereco()" classname="br.com.elotech.desafio.controller.EnderecoControllerTest" time="0.017"/>
  <testcase name="testDeleteEndereco()" classname="br.com.elotech.desafio.controller.EnderecoControllerTest" time="0.006"/>
  <testcase name="testGetEnderecoByCEP()" classname="br.com.elotech.desafio.controller.EnderecoControllerTest" time="0.007"/>
  <testcase name="testFindById()" classname="br.com.elotech.desafio.controller.EnderecoControllerTest" time="0.01"/>
  <testcase name="testDeleteTodosEndereco()" classname="br.com.elotech.desafio.controller.EnderecoControllerTest" time="0.009"/>
  <testcase name="testUpdateEndereco()" classname="br.com.elotech.desafio.controller.EnderecoControllerTest" time="0.011"/>
  <system-out><![CDATA[]]></system-out>
  <system-err><![CDATA[]]></system-err>
</testsuite>
