<?xml version="1.0" encoding="UTF-8"?>
<testsuite name="br.com.elotech.desafio.controller.PessoaControllerTest" tests="7" skipped="0" failures="0" errors="0" timestamp="2024-01-24T16:17:49" hostname="DESKTOP-Q3AKEKB" time="0.211">
  <properties/>
  <testcase name="testGetQuantidadePessoas()" classname="br.com.elotech.desafio.controller.PessoaControllerTest" time="0.155"/>
  <testcase name="testUpdatePessoa()" classname="br.com.elotech.desafio.controller.PessoaControllerTest" time="0.006"/>
  <testcase name="testFindById()" classname="br.com.elotech.desafio.controller.PessoaControllerTest" time="0.007"/>
  <testcase name="testDeletePessoa()" classname="br.com.elotech.desafio.controller.PessoaControllerTest" time="0.018"/>
  <testcase name="testSavePessoa()" classname="br.com.elotech.desafio.controller.PessoaControllerTest" time="0.005"/>
  <testcase name="testFindByNomeAndCpf()" classname="br.com.elotech.desafio.controller.PessoaControllerTest" time="0.003"/>
  <testcase name="testAdicionarEndereco()" classname="br.com.elotech.desafio.controller.PessoaControllerTest" time="0.004"/>
  <system-out><![CDATA[]]></system-out>
  <system-err><![CDATA[]]></system-err>
</testsuite>
