<?xml version="1.0" encoding="UTF-8"?>
<testsuite name="br.com.elotech.desafio.entity.EnderecoTest" tests="2" skipped="0" failures="0" errors="0" timestamp="2024-01-24T16:17:49" hostname="DESKTOP-Q3AKEKB" time="0.002">
  <properties/>
  <testcase name="testEndereco()" classname="br.com.elotech.desafio.entity.EnderecoTest" time="0.001"/>
  <testcase name="testEnderecoDTO()" classname="br.com.elotech.desafio.entity.EnderecoTest" time="0.0"/>
  <system-out><![CDATA[]]></system-out>
  <system-err><![CDATA[]]></system-err>
</testsuite>
