<?xml version="1.0" encoding="UTF-8"?>
<testsuite name="br.com.elotech.desafio.controller.PessoaControllerTest" tests="7" skipped="0" failures="0" errors="0" timestamp="2024-01-24T12:51:05" hostname="DESKTOP-Q3AKEKB" time="1.17">
  <properties/>
  <testcase name="testGetQuantidadePessoas()" classname="br.com.elotech.desafio.controller.PessoaControllerTest" time="0.916"/>
  <testcase name="testUpdatePessoa()" classname="br.com.elotech.desafio.controller.PessoaControllerTest" time="0.016"/>
  <testcase name="testFindById()" classname="br.com.elotech.desafio.controller.PessoaControllerTest" time="0.009"/>
  <testcase name="testDeletePessoa()" classname="br.com.elotech.desafio.controller.PessoaControllerTest" time="0.008"/>
  <testcase name="testSavePessoa()" classname="br.com.elotech.desafio.controller.PessoaControllerTest" time="0.014"/>
  <testcase name="testFindByNomeAndCpf()" classname="br.com.elotech.desafio.controller.PessoaControllerTest" time="0.125"/>
  <testcase name="testAdicionarEndereco()" classname="br.com.elotech.desafio.controller.PessoaControllerTest" time="0.024"/>
  <system-out><![CDATA[]]></system-out>
  <system-err><![CDATA[]]></system-err>
</testsuite>
