<?xml version="1.0" encoding="UTF-8"?>
<testsuite name="br.com.elotech.desafio.controller.PessoaControllerTest" tests="1" skipped="0" failures="0" errors="0" timestamp="2024-01-24T02:01:06" hostname="DESKTOP-Q3AKEKB" time="1.762">
  <properties/>
  <testcase name="testFindByNomeAndCpf()" classname="br.com.elotech.desafio.controller.PessoaControllerTest" time="1.762"/>
  <system-out><![CDATA[]]></system-out>
  <system-err><![CDATA[]]></system-err>
</testsuite>
